Using pre-set license
Built from '2020.2/release' branch; Version is '2020.2.2f1 (068178b99f32) revision 426360'; Using compiler version '192528614'; Build Type 'Release'
OS: 'Windows 10 Home; OS build 19042.804; Version 2009; 64bit' Language: 'en' Physical Memory: 16118 MB
BatchMode: 1, IsHumanControllingUs: 0, StartBugReporterOnCrash: 0, Is64bit: 1, IsPro: 0

 COMMAND LINE ARGUMENTS:
D:\Unity\2020.2.2f1\Editor\Unity.exe
-adb2
-batchMode
-noUpm
-name
AssetImportWorker0
-projectPath
C:/Users/Vandit/Documents/GitHub/CST326/New Unity Project
-logFile
Logs/AssetImportWorker0.log
-srvPort
51270
Successfully changed project path to: C:/Users/Vandit/Documents/GitHub/CST326/New Unity Project
C:/Users/Vandit/Documents/GitHub/CST326/New Unity Project
Using Asset Import Pipeline V2.
Refreshing native plugins compatible for Editor in 24.63 ms, found 0 plugins.
Preloading 0 native plugins for Editor in 0.00 ms.
Initialize engine version: 2020.2.2f1 (068178b99f32)
[Subsystems] Discovering subsystems at path D:/Unity/2020.2.2f1/Editor/Data/Resources/UnitySubsystems
[Subsystems] Discovering subsystems at path C:/Users/Vandit/Documents/GitHub/CST326/New Unity Project/Assets
GfxDevice: creating device client; threaded=0
Direct3D:
    Version:  Direct3D 11.0 [level 11.1]
    Renderer: NVIDIA GeForce RTX 2060 (ID=0x1f08)
    Vendor:   
    VRAM:     5980 MB
    Driver:   27.21.14.6089
Initialize mono
Mono path[0] = 'D:/Unity/2020.2.2f1/Editor/Data/Managed'
Mono path[1] = 'D:/Unity/2020.2.2f1/Editor/Data/MonoBleedingEdge/lib/mono/unityjit'
Mono config path = 'D:/Unity/2020.2.2f1/Editor/Data/MonoBleedingEdge/etc'
Using monoOptions --debugger-agent=transport=dt_socket,embedding=1,server=y,suspend=n,address=127.0.0.1:56872
Begin MonoManager ReloadAssembly
Registering precompiled unity dll's ...
Register platform support module: D:/Unity/2020.2.2f1/Editor/Data/PlaybackEngines/WindowsStandaloneSupport/UnityEditor.WindowsStandalone.Extensions.dll
Registered in 0.000928 seconds.
Native extension for WindowsStandalone target not found
Refreshing native plugins compatible for Editor in 21.62 ms, found 0 plugins.
Preloading 0 native plugins for Editor in 0.00 ms.
Invoked RoslynAnalysisRunner static constructor.
RoslynAnalysisRunner will not be running.
RoslynAnalysisRunner has terminated.
Mono: successfully reloaded assembly
- Completed reload, in  0.801 seconds
Platform modules already initialized, skipping
Registering precompiled user dll's ...
Registered in 0.000861 seconds.
Begin MonoManager ReloadAssembly
Native extension for WindowsStandalone target not found
Refreshing native plugins compatible for Editor in 0.19 ms, found 0 plugins.
Preloading 0 native plugins for Editor in 0.00 ms.
Invoked RoslynAnalysisRunner static constructor.
RoslynAnalysisRunner will not be running.
RoslynAnalysisRunner has terminated.
Mono: successfully reloaded assembly
- Completed reload, in  0.670 seconds
Platform modules already initialized, skipping
========================================================================
Worker process is ready to serve import requests
Launched and connected shader compiler UnityShaderCompiler.exe after 0.05 seconds
Refreshing native plugins compatible for Editor in 0.29 ms, found 0 plugins.
Preloading 0 native plugins for Editor in 0.00 ms.
Unloading 1102 Unused Serialized files (Serialized files now loaded: 0)
System memory in use before: 56.5 MB.
System memory in use after: 56.6 MB.

Unloading 10 unused Assets to reduce memory usage. Loaded Objects now: 1543.
Total: 1.546300 ms (FindLiveObjects: 0.139400 ms CreateObjectMapping: 0.039900 ms MarkObjects: 1.305200 ms  DeleteObjects: 0.060700 ms)

========================================================================
Received Import Request.
  path: Assets/Scenes
  artifactKey: Guid(6b5f71d70ad6b1a459b5606c9c7d7ef5) Importer(815301076,1909f56bfc062723c751e8b465ee728b)
Start importing Assets/Scenes using Guid(6b5f71d70ad6b1a459b5606c9c7d7ef5) Importer(815301076,1909f56bfc062723c751e8b465ee728b)  -> (artifact id: '9624c828f7634389a047266428d54cd8') in 0.004048 seconds
  Import took 0.005653 seconds .

========================================================================
Received Import Request.
  Time since last request: 0.000146 seconds.
  path: Assets/Scenes/Animation.unity
  artifactKey: Guid(3d86badbfeb6a3e408657fb7873710ba) Importer(815301076,1909f56bfc062723c751e8b465ee728b)
Start importing Assets/Scenes/Animation.unity using Guid(3d86badbfeb6a3e408657fb7873710ba) Importer(815301076,1909f56bfc062723c751e8b465ee728b)  -> (artifact id: '7eae51110f3c188322751b00b963f402') in 0.007709 seconds
  Import took 0.009288 seconds .

========================================================================
Received Import Request.
  Time since last request: 188.584942 seconds.
  path: Assets/Scripts/SimpleCameraController.cs
  artifactKey: Guid(be76e5f14cfee674cb30b491fb72b09b) Importer(815301076,1909f56bfc062723c751e8b465ee728b)
Start importing Assets/Scripts/SimpleCameraController.cs using Guid(be76e5f14cfee674cb30b491fb72b09b) Importer(815301076,1909f56bfc062723c751e8b465ee728b)  -> (artifact id: '693e0ea9ff0d53e2a2cbee9a2257e979') in 0.019735 seconds
  Import took 0.021555 seconds .

========================================================================
Received Import Request.
  Time since last request: 54.595605 seconds.
  path: Assets/Scripts/CameraMirror.cs
  artifactKey: Guid(595edb50c53569d45990a2e0da3a0eea) Importer(815301076,1909f56bfc062723c751e8b465ee728b)
Start importing Assets/Scripts/CameraMirror.cs using Guid(595edb50c53569d45990a2e0da3a0eea) Importer(815301076,1909f56bfc062723c751e8b465ee728b)  -> (artifact id: '9d000aa09d296591116e32fb2f647fb9') in 0.001971 seconds
  Import took 0.004786 seconds .

========================================================================
Received Import Request.
  Time since last request: 0.000758 seconds.
  path: Assets/Scripts/CameraMirror.cs
  artifactKey: Guid(595edb50c53569d45990a2e0da3a0eea) Importer(815301076,1909f56bfc062723c751e8b465ee728b)
Start importing Assets/Scripts/CameraMirror.cs using Guid(595edb50c53569d45990a2e0da3a0eea) Importer(815301076,1909f56bfc062723c751e8b465ee728b)  -> (artifact id: '9d000aa09d296591116e32fb2f647fb9') in 0.001866 seconds
  Import took 0.003438 seconds .

========================================================================
Received Import Request.
  Time since last request: 125.191134 seconds.
  path: Assets/Scripts/EthanCharacter.cs
  artifactKey: Guid(fae1d0ddcc34b1248bb1f9f6a17ecd46) Importer(815301076,1909f56bfc062723c751e8b465ee728b)
Start importing Assets/Scripts/EthanCharacter.cs using Guid(fae1d0ddcc34b1248bb1f9f6a17ecd46) Importer(815301076,1909f56bfc062723c751e8b465ee728b)  -> (artifact id: 'be962506897eee91ef73b68cf18bfd72') in 0.002725 seconds
  Import took 0.004384 seconds .

========================================================================
Received Import Request.
  Time since last request: 0.025222 seconds.
  path: Assets/Scripts/EthanCharacter.cs
  artifactKey: Guid(fae1d0ddcc34b1248bb1f9f6a17ecd46) Importer(815301076,1909f56bfc062723c751e8b465ee728b)
Start importing Assets/Scripts/EthanCharacter.cs using Guid(fae1d0ddcc34b1248bb1f9f6a17ecd46) Importer(815301076,1909f56bfc062723c751e8b465ee728b)  -> (artifact id: 'be962506897eee91ef73b68cf18bfd72') in 0.002433 seconds
  Import took 0.004283 seconds .

========================================================================
Received Prepare
Registering precompiled user dll's ...
Registered in 0.000692 seconds.
Begin MonoManager ReloadAssembly
Native extension for WindowsStandalone target not found
Refreshing native plugins compatible for Editor in 0.23 ms, found 0 plugins.
Preloading 0 native plugins for Editor in 0.00 ms.
Invoked RoslynAnalysisRunner static constructor.
RoslynAnalysisRunner will not be running.
RoslynAnalysisRunner has terminated.
Mono: successfully reloaded assembly
- Completed reload, in  0.734 seconds
Platform modules already initialized, skipping
Refreshing native plugins compatible for Editor in 0.46 ms, found 0 plugins.
Preloading 0 native plugins for Editor in 0.00 ms.
Unloading 1097 Unused Serialized files (Serialized files now loaded: 0)
System memory in use before: 56.6 MB.
System memory in use after: 56.6 MB.

Unloading 5 unused Assets to reduce memory usage. Loaded Objects now: 1545.
Total: 2.766100 ms (FindLiveObjects: 0.210000 ms CreateObjectMapping: 0.045900 ms MarkObjects: 2.422100 ms  DeleteObjects: 0.085200 ms)

========================================================================
Received Prepare
Registering precompiled user dll's ...
Registered in 0.000793 seconds.
Begin MonoManager ReloadAssembly
Native extension for WindowsStandalone target not found
Refreshing native plugins compatible for Editor in 0.21 ms, found 0 plugins.
Preloading 0 native plugins for Editor in 0.00 ms.
Invoked RoslynAnalysisRunner static constructor.
RoslynAnalysisRunner will not be running.
RoslynAnalysisRunner has terminated.
Mono: successfully reloaded assembly
- Completed reload, in  0.680 seconds
Platform modules already initialized, skipping
Refreshing native plugins compatible for Editor in 0.23 ms, found 0 plugins.
Preloading 0 native plugins for Editor in 0.00 ms.
Unloading 1097 Unused Serialized files (Serialized files now loaded: 0)
System memory in use before: 56.6 MB.
System memory in use after: 56.7 MB.

Unloading 5 unused Assets to reduce memory usage. Loaded Objects now: 1547.
Total: 1.526300 ms (FindLiveObjects: 0.147000 ms CreateObjectMapping: 0.032900 ms MarkObjects: 1.302200 ms  DeleteObjects: 0.043100 ms)

========================================================================
Received Prepare
Registering precompiled user dll's ...
Registered in 0.001661 seconds.
Begin MonoManager ReloadAssembly
Native extension for WindowsStandalone target not found
Refreshing native plugins compatible for Editor in 0.19 ms, found 0 plugins.
Preloading 0 native plugins for Editor in 0.00 ms.
Invoked RoslynAnalysisRunner static constructor.
RoslynAnalysisRunner will not be running.
RoslynAnalysisRunner has terminated.
Mono: successfully reloaded assembly
- Completed reload, in  0.642 seconds
Platform modules already initialized, skipping
Refreshing native plugins compatible for Editor in 0.18 ms, found 0 plugins.
Preloading 0 native plugins for Editor in 0.00 ms.
Unloading 1097 Unused Serialized files (Serialized files now loaded: 0)
System memory in use before: 56.7 MB.
System memory in use after: 56.8 MB.

Unloading 5 unused Assets to reduce memory usage. Loaded Objects now: 1549.
Total: 1.496300 ms (FindLiveObjects: 0.126400 ms CreateObjectMapping: 0.036000 ms MarkObjects: 1.294400 ms  DeleteObjects: 0.038800 ms)

========================================================================
Received Import Request.
  Time since last request: 7904.349431 seconds.
  path: Assets/Scripts/EthanCharacter.cs
  artifactKey: Guid(fae1d0ddcc34b1248bb1f9f6a17ecd46) Importer(815301076,1909f56bfc062723c751e8b465ee728b)
Start importing Assets/Scripts/EthanCharacter.cs using Guid(fae1d0ddcc34b1248bb1f9f6a17ecd46) Importer(815301076,1909f56bfc062723c751e8b465ee728b)  -> (artifact id: '734243c6c0818e6825846e8de824a9c7') in 0.044055 seconds
  Import took 0.074887 seconds .

========================================================================
Received Prepare
Registering precompiled user dll's ...
Registered in 0.000816 seconds.
Begin MonoManager ReloadAssembly
Native extension for WindowsStandalone target not found
Refreshing native plugins compatible for Editor in 0.43 ms, found 0 plugins.
Preloading 0 native plugins for Editor in 0.00 ms.
Invoked RoslynAnalysisRunner static constructor.
RoslynAnalysisRunner will not be running.
RoslynAnalysisRunner has terminated.
Mono: successfully reloaded assembly
- Completed reload, in  0.727 seconds
Platform modules already initialized, skipping
Refreshing native plugins compatible for Editor in 0.22 ms, found 0 plugins.
Preloading 0 native plugins for Editor in 0.00 ms.
Unloading 1097 Unused Serialized files (Serialized files now loaded: 0)
System memory in use before: 56.8 MB.
System memory in use after: 56.9 MB.

Unloading 5 unused Assets to reduce memory usage. Loaded Objects now: 1551.
Total: 1.618100 ms (FindLiveObjects: 0.132000 ms CreateObjectMapping: 0.031100 ms MarkObjects: 1.379100 ms  DeleteObjects: 0.074900 ms)

========================================================================
Received Import Request.
  Time since last request: 13.429327 seconds.
  path: Assets/Scripts/EthanCharacter.cs
  artifactKey: Guid(fae1d0ddcc34b1248bb1f9f6a17ecd46) Importer(815301076,1909f56bfc062723c751e8b465ee728b)
Start importing Assets/Scripts/EthanCharacter.cs using Guid(fae1d0ddcc34b1248bb1f9f6a17ecd46) Importer(815301076,1909f56bfc062723c751e8b465ee728b)  -> (artifact id: 'c2eb52542bbe0995ddba023686e4c57f') in 0.003691 seconds
  Import took 0.006269 seconds .

========================================================================
Received Prepare
Registering precompiled user dll's ...
Registered in 0.000802 seconds.
Begin MonoManager ReloadAssembly
Native extension for WindowsStandalone target not found
Refreshing native plugins compatible for Editor in 0.22 ms, found 0 plugins.
Preloading 0 native plugins for Editor in 0.00 ms.
Invoked RoslynAnalysisRunner static constructor.
RoslynAnalysisRunner will not be running.
RoslynAnalysisRunner has terminated.
Mono: successfully reloaded assembly
- Completed reload, in  0.858 seconds
Platform modules already initialized, skipping
Refreshing native plugins compatible for Editor in 0.26 ms, found 0 plugins.
Preloading 0 native plugins for Editor in 0.00 ms.
Unloading 1097 Unused Serialized files (Serialized files now loaded: 0)
System memory in use before: 56.9 MB.
System memory in use after: 56.9 MB.

Unloading 5 unused Assets to reduce memory usage. Loaded Objects now: 1553.
Total: 2.342300 ms (FindLiveObjects: 0.181200 ms CreateObjectMapping: 0.041800 ms MarkObjects: 2.025800 ms  DeleteObjects: 0.090800 ms)

========================================================================
Received Prepare
Registering precompiled user dll's ...
Registered in 0.000755 seconds.
Begin MonoManager ReloadAssembly
Native extension for WindowsStandalone target not found
Refreshing native plugins compatible for Editor in 0.20 ms, found 0 plugins.
Preloading 0 native plugins for Editor in 0.00 ms.
Invoked RoslynAnalysisRunner static constructor.
RoslynAnalysisRunner will not be running.
RoslynAnalysisRunner has terminated.
Mono: successfully reloaded assembly
- Completed reload, in  0.694 seconds
Platform modules already initialized, skipping
Refreshing native plugins compatible for Editor in 0.19 ms, found 0 plugins.
Preloading 0 native plugins for Editor in 0.00 ms.
Unloading 1097 Unused Serialized files (Serialized files now loaded: 0)
System memory in use before: 56.9 MB.
System memory in use after: 57.0 MB.

Unloading 5 unused Assets to reduce memory usage. Loaded Objects now: 1555.
Total: 1.352000 ms (FindLiveObjects: 0.137000 ms CreateObjectMapping: 0.033700 ms MarkObjects: 1.136800 ms  DeleteObjects: 0.043700 ms)

========================================================================
Received Import Request.
  Time since last request: 27.100575 seconds.
  path: Assets/Scripts/EthanCharacter.cs
  artifactKey: Guid(fae1d0ddcc34b1248bb1f9f6a17ecd46) Importer(815301076,1909f56bfc062723c751e8b465ee728b)
Start importing Assets/Scripts/EthanCharacter.cs using Guid(fae1d0ddcc34b1248bb1f9f6a17ecd46) Importer(815301076,1909f56bfc062723c751e8b465ee728b)  -> (artifact id: 'f40a6c15ea5d19a3b5c7dccf683b0d8a') in 0.004268 seconds
  Import took 0.006340 seconds .

========================================================================
Received Prepare
Registering precompiled user dll's ...
Registered in 0.000790 seconds.
Begin MonoManager ReloadAssembly
Native extension for WindowsStandalone target not found
Refreshing native plugins compatible for Editor in 0.25 ms, found 0 plugins.
Preloading 0 native plugins for Editor in 0.00 ms.
Invoked RoslynAnalysisRunner static constructor.
RoslynAnalysisRunner will not be running.
RoslynAnalysisRunner has terminated.
Mono: successfully reloaded assembly
- Completed reload, in  0.658 seconds
Platform modules already initialized, skipping
Refreshing native plugins compatible for Editor in 0.21 ms, found 0 plugins.
Preloading 0 native plugins for Editor in 0.00 ms.
Unloading 1097 Unused Serialized files (Serialized files now loaded: 0)
System memory in use before: 57.0 MB.
System memory in use after: 57.1 MB.

Unloading 5 unused Assets to reduce memory usage. Loaded Objects now: 1557.
Total: 1.684600 ms (FindLiveObjects: 0.271000 ms CreateObjectMapping: 0.064200 ms MarkObjects: 1.300000 ms  DeleteObjects: 0.048200 ms)

========================================================================
Received Import Request.
  Time since last request: 33.502569 seconds.
  path: Assets/Scripts/EthanCharacter.cs
  artifactKey: Guid(fae1d0ddcc34b1248bb1f9f6a17ecd46) Importer(815301076,1909f56bfc062723c751e8b465ee728b)
Start importing Assets/Scripts/EthanCharacter.cs using Guid(fae1d0ddcc34b1248bb1f9f6a17ecd46) Importer(815301076,1909f56bfc062723c751e8b465ee728b)  -> (artifact id: '9e8c57491e9ee8735a8fc5ab51db82b7') in 0.003808 seconds
  Import took 0.005523 seconds .

========================================================================
Received Prepare
Registering precompiled user dll's ...
Registered in 0.000851 seconds.
Begin MonoManager ReloadAssembly
Native extension for WindowsStandalone target not found
Refreshing native plugins compatible for Editor in 0.28 ms, found 0 plugins.
Preloading 0 native plugins for Editor in 0.00 ms.
Invoked RoslynAnalysisRunner static constructor.
RoslynAnalysisRunner will not be running.
RoslynAnalysisRunner has terminated.
Mono: successfully reloaded assembly
- Completed reload, in  0.759 seconds
Platform modules already initialized, skipping
Refreshing native plugins compatible for Editor in 0.20 ms, found 0 plugins.
Preloading 0 native plugins for Editor in 0.00 ms.
Unloading 1097 Unused Serialized files (Serialized files now loaded: 0)
System memory in use before: 57.1 MB.
System memory in use after: 57.2 MB.

Unloading 5 unused Assets to reduce memory usage. Loaded Objects now: 1559.
Total: 1.613400 ms (FindLiveObjects: 0.141200 ms CreateObjectMapping: 0.050900 ms MarkObjects: 1.363900 ms  DeleteObjects: 0.056000 ms)

AssetImportWorkerClient::OnTransportError - code=2 error=End of file
