Using pre-set license
Built from '2020.2/release' branch; Version is '2020.2.2f1 (068178b99f32) revision 426360'; Using compiler version '192528614'; Build Type 'Release'
OS: 'Windows 10 Home; OS build 19042.746; Version 2009; 64bit' Language: 'en' Physical Memory: 16118 MB
BatchMode: 1, IsHumanControllingUs: 0, StartBugReporterOnCrash: 0, Is64bit: 1, IsPro: 0

 COMMAND LINE ARGUMENTS:
D:\Unity\2020.2.2f1\Editor\Unity.exe
-adb2
-batchMode
-noUpm
-name
AssetImportWorker0
-projectPath
D:/Spring 2021/CST 326/Pong
-logFile
Logs/AssetImportWorker0.log
-srvPort
52909
Successfully changed project path to: D:/Spring 2021/CST 326/Pong
D:/Spring 2021/CST 326/Pong
Using Asset Import Pipeline V2.
Refreshing native plugins compatible for Editor in 29.75 ms, found 1 plugins.
Preloading 0 native plugins for Editor in 0.00 ms.
Initialize engine version: 2020.2.2f1 (068178b99f32)
[Subsystems] Discovering subsystems at path D:/Unity/2020.2.2f1/Editor/Data/Resources/UnitySubsystems
[Subsystems] Discovering subsystems at path D:/Spring 2021/CST 326/Pong/Assets
GfxDevice: creating device client; threaded=0
Direct3D:
    Version:  Direct3D 11.0 [level 11.1]
    Renderer: NVIDIA GeForce RTX 2060 (ID=0x1f08)
    Vendor:   
    VRAM:     5980 MB
    Driver:   27.21.14.6089
Initialize mono
Mono path[0] = 'D:/Unity/2020.2.2f1/Editor/Data/Managed'
Mono path[1] = 'D:/Unity/2020.2.2f1/Editor/Data/MonoBleedingEdge/lib/mono/unityjit'
Mono config path = 'D:/Unity/2020.2.2f1/Editor/Data/MonoBleedingEdge/etc'
Using monoOptions --debugger-agent=transport=dt_socket,embedding=1,server=y,suspend=n,address=127.0.0.1:56064
Begin MonoManager ReloadAssembly
Registering precompiled unity dll's ...
Register platform support module: D:/Unity/2020.2.2f1/Editor/Data/PlaybackEngines/WindowsStandaloneSupport/UnityEditor.WindowsStandalone.Extensions.dll
Registered in 0.000909 seconds.
Native extension for WindowsStandalone target not found
Refreshing native plugins compatible for Editor in 30.15 ms, found 1 plugins.
Preloading 0 native plugins for Editor in 0.00 ms.
Invoked RoslynAnalysisRunner static constructor.
RoslynAnalysisRunner will not be running.
RoslynAnalysisRunner has terminated.
Mono: successfully reloaded assembly
- Completed reload, in  0.799 seconds
Platform modules already initialized, skipping
Registering precompiled user dll's ...
Registered in 0.000754 seconds.
Begin MonoManager ReloadAssembly
Native extension for WindowsStandalone target not found
Refreshing native plugins compatible for Editor in 32.86 ms, found 1 plugins.
Preloading 0 native plugins for Editor in 0.00 ms.
Invoked RoslynAnalysisRunner static constructor.
RoslynAnalysisRunner will not be running.
RoslynAnalysisRunner has terminated.
Mono: successfully reloaded assembly
- Completed reload, in  0.763 seconds
Platform modules already initialized, skipping
========================================================================
Worker process is ready to serve import requests
Launched and connected shader compiler UnityShaderCompiler.exe after 0.03 seconds
Refreshing native plugins compatible for Editor in 0.31 ms, found 1 plugins.
Preloading 0 native plugins for Editor in 0.00 ms.
Unloading 1792 Unused Serialized files (Serialized files now loaded: 0)
System memory in use before: 84.2 MB.
System memory in use after: 84.1 MB.

Unloading 24 unused Assets to reduce memory usage. Loaded Objects now: 2233.
Total: 1.762200 ms (FindLiveObjects: 0.183300 ms CreateObjectMapping: 0.075500 ms MarkObjects: 1.403300 ms  DeleteObjects: 0.099100 ms)

========================================================================
Received Import Request.
  path: Assets/Ball.png
  artifactKey: Guid(901d4bbb04c1a7f4a8b8d5785e18e2be) Importer(815301076,1909f56bfc062723c751e8b465ee728b)
Start importing Assets/Ball.png using Guid(901d4bbb04c1a7f4a8b8d5785e18e2be) Importer(815301076,1909f56bfc062723c751e8b465ee728b)  -> (artifact id: '9c425a59dc4693d68bc92f47999961a7') in 0.070894 seconds
  Import took 0.073516 seconds .

========================================================================
Received Import Request.
  Time since last request: 0.000269 seconds.
  path: Assets/BallBounce.physicsMaterial2D
  artifactKey: Guid(2d00f91fa346573498734d7cd50892d8) Importer(815301076,1909f56bfc062723c751e8b465ee728b)
Start importing Assets/BallBounce.physicsMaterial2D using Guid(2d00f91fa346573498734d7cd50892d8) Importer(815301076,1909f56bfc062723c751e8b465ee728b)  -> (artifact id: '6a24b66d10dd2b6596693245498f5c9d') in 0.003216 seconds
  Import took 0.018958 seconds .

========================================================================
Received Import Request.
  Time since last request: 0.000183 seconds.
  path: Assets/6809 chargen.ttf
  artifactKey: Guid(0a7f4ac488c8a19479e1a34215a360b8) Importer(815301076,1909f56bfc062723c751e8b465ee728b)
Start importing Assets/6809 chargen.ttf using Guid(0a7f4ac488c8a19479e1a34215a360b8) Importer(815301076,1909f56bfc062723c751e8b465ee728b)  -> (artifact id: '115f5818c49c0f8290aab16195f6f6d7') in 0.043058 seconds
  Import took 0.046052 seconds .

========================================================================
Received Import Request.
  Time since last request: 0.000262 seconds.
  path: Assets/Background.jpg
  artifactKey: Guid(8fa2358b9f515d246910843cf977ec56) Importer(815301076,1909f56bfc062723c751e8b465ee728b)
Start importing Assets/Background.jpg using Guid(8fa2358b9f515d246910843cf977ec56) Importer(815301076,1909f56bfc062723c751e8b465ee728b)  -> (artifact id: '329050f09666409d85ec0449f30c346d') in 0.012781 seconds
  Import took 0.015725 seconds .

========================================================================
Received Import Request.
  Time since last request: 0.000154 seconds.
  path: Assets/PongPaddle.jpg
  artifactKey: Guid(79fd557f8dd6a6c46b759b0db0f7c104) Importer(815301076,1909f56bfc062723c751e8b465ee728b)
Start importing Assets/PongPaddle.jpg using Guid(79fd557f8dd6a6c46b759b0db0f7c104) Importer(815301076,1909f56bfc062723c751e8b465ee728b)  -> (artifact id: '4d68b1ad2271494e15d99ce5ad4c619d') in 0.008782 seconds
  Import took 0.011971 seconds .

========================================================================
Received Import Request.
  Time since last request: 81.527648 seconds.
  path: ProjectSettings/TagManager.asset
  artifactKey: Guid(00000000000000003000000000000000) Importer(815301076,1909f56bfc062723c751e8b465ee728b)
Start importing ProjectSettings/TagManager.asset using Guid(00000000000000003000000000000000) Importer(815301076,1909f56bfc062723c751e8b465ee728b)  -> (artifact id: 'e8c3ab6b558fa7fe7c42e9a55a892947') in 0.003398 seconds
  Import took 0.022511 seconds .

========================================================================
Received Prepare
Registering precompiled user dll's ...
Registered in 0.000717 seconds.
Begin MonoManager ReloadAssembly
Native extension for WindowsStandalone target not found
Refreshing native plugins compatible for Editor in 0.33 ms, found 1 plugins.
Preloading 0 native plugins for Editor in 0.00 ms.
Invoked RoslynAnalysisRunner static constructor.
RoslynAnalysisRunner will not be running.
RoslynAnalysisRunner has terminated.
Mono: successfully reloaded assembly
- Completed reload, in  0.679 seconds
Platform modules already initialized, skipping
Refreshing native plugins compatible for Editor in 0.30 ms, found 1 plugins.
Preloading 0 native plugins for Editor in 0.00 ms.
Unloading 1788 Unused Serialized files (Serialized files now loaded: 0)
System memory in use before: 87.7 MB.
System memory in use after: 87.7 MB.

Unloading 13 unused Assets to reduce memory usage. Loaded Objects now: 2288.
Total: 1.654700 ms (FindLiveObjects: 0.178700 ms CreateObjectMapping: 0.057200 ms MarkObjects: 1.339200 ms  DeleteObjects: 0.078900 ms)

========================================================================
Received Import Request.
  Time since last request: 306.540445 seconds.
  path: Assets/PlayerControls.cs
  artifactKey: Guid(88c1fa70f603bcf41b55dca630c675af) Importer(815301076,1909f56bfc062723c751e8b465ee728b)
Start importing Assets/PlayerControls.cs using Guid(88c1fa70f603bcf41b55dca630c675af) Importer(815301076,1909f56bfc062723c751e8b465ee728b)  -> (artifact id: 'fe3e3e7f426295852c8277c5d49c6edc') in 0.005056 seconds
  Import took 0.007728 seconds .

========================================================================
Received Prepare
Registering precompiled user dll's ...
Registered in 0.000767 seconds.
Begin MonoManager ReloadAssembly
Native extension for WindowsStandalone target not found
Refreshing native plugins compatible for Editor in 0.32 ms, found 1 plugins.
Preloading 0 native plugins for Editor in 0.00 ms.
Invoked RoslynAnalysisRunner static constructor.
RoslynAnalysisRunner will not be running.
RoslynAnalysisRunner has terminated.
Mono: successfully reloaded assembly
- Completed reload, in  0.671 seconds
Platform modules already initialized, skipping
Refreshing native plugins compatible for Editor in 0.31 ms, found 1 plugins.
Preloading 0 native plugins for Editor in 0.00 ms.
Unloading 1788 Unused Serialized files (Serialized files now loaded: 0)
System memory in use before: 87.8 MB.
System memory in use after: 87.8 MB.

Unloading 12 unused Assets to reduce memory usage. Loaded Objects now: 2291.
Total: 1.888500 ms (FindLiveObjects: 0.197600 ms CreateObjectMapping: 0.061000 ms MarkObjects: 1.541900 ms  DeleteObjects: 0.087100 ms)

========================================================================
Received Import Request.
  Time since last request: 86.021697 seconds.
  path: Assets/PlayerControls.cs
  artifactKey: Guid(88c1fa70f603bcf41b55dca630c675af) Importer(815301076,1909f56bfc062723c751e8b465ee728b)
Start importing Assets/PlayerControls.cs using Guid(88c1fa70f603bcf41b55dca630c675af) Importer(815301076,1909f56bfc062723c751e8b465ee728b)  -> (artifact id: '595e10584307d57e93e1feb0d1fcf45a') in 0.003449 seconds
  Import took 0.006902 seconds .

========================================================================
Received Prepare
Registering precompiled user dll's ...
Registered in 0.001121 seconds.
Begin MonoManager ReloadAssembly
Native extension for WindowsStandalone target not found
Refreshing native plugins compatible for Editor in 0.32 ms, found 1 plugins.
Preloading 0 native plugins for Editor in 0.00 ms.
Invoked RoslynAnalysisRunner static constructor.
RoslynAnalysisRunner will not be running.
RoslynAnalysisRunner has terminated.
Mono: successfully reloaded assembly
- Completed reload, in  0.672 seconds
Platform modules already initialized, skipping
Refreshing native plugins compatible for Editor in 0.31 ms, found 1 plugins.
Preloading 0 native plugins for Editor in 0.00 ms.
Unloading 1788 Unused Serialized files (Serialized files now loaded: 0)
System memory in use before: 87.9 MB.
System memory in use after: 87.9 MB.

Unloading 12 unused Assets to reduce memory usage. Loaded Objects now: 2294.
Total: 1.969500 ms (FindLiveObjects: 0.209100 ms CreateObjectMapping: 0.066800 ms MarkObjects: 1.567100 ms  DeleteObjects: 0.126000 ms)

========================================================================
Received Import Request.
  Time since last request: 127.557082 seconds.
  path: ProjectSettings/TagManager.asset
  artifactKey: Guid(00000000000000003000000000000000) Importer(815301076,1909f56bfc062723c751e8b465ee728b)
Start importing ProjectSettings/TagManager.asset using Guid(00000000000000003000000000000000) Importer(815301076,1909f56bfc062723c751e8b465ee728b)  -> (artifact id: 'e93e3d7fc86deaa8425da5a4b360018f') in 0.010653 seconds
  Import took 0.013852 seconds .

========================================================================
Received Prepare
Registering precompiled user dll's ...
Registered in 0.000762 seconds.
Begin MonoManager ReloadAssembly
Native extension for WindowsStandalone target not found
Refreshing native plugins compatible for Editor in 0.32 ms, found 1 plugins.
Preloading 0 native plugins for Editor in 0.00 ms.
Invoked RoslynAnalysisRunner static constructor.
RoslynAnalysisRunner will not be running.
RoslynAnalysisRunner has terminated.
Mono: successfully reloaded assembly
- Completed reload, in  0.695 seconds
Platform modules already initialized, skipping
Refreshing native plugins compatible for Editor in 0.31 ms, found 1 plugins.
Preloading 0 native plugins for Editor in 0.00 ms.
Unloading 1789 Unused Serialized files (Serialized files now loaded: 0)
System memory in use before: 88.0 MB.
System memory in use after: 88.0 MB.

Unloading 13 unused Assets to reduce memory usage. Loaded Objects now: 2298.
Total: 2.284600 ms (FindLiveObjects: 0.309900 ms CreateObjectMapping: 0.150200 ms MarkObjects: 1.717800 ms  DeleteObjects: 0.106100 ms)

========================================================================
Received Prepare
Registering precompiled user dll's ...
Registered in 0.000684 seconds.
Begin MonoManager ReloadAssembly
Native extension for WindowsStandalone target not found
Refreshing native plugins compatible for Editor in 0.35 ms, found 1 plugins.
Preloading 0 native plugins for Editor in 0.00 ms.
Invoked RoslynAnalysisRunner static constructor.
RoslynAnalysisRunner will not be running.
RoslynAnalysisRunner has terminated.
Mono: successfully reloaded assembly
- Completed reload, in  0.691 seconds
Platform modules already initialized, skipping
Refreshing native plugins compatible for Editor in 0.39 ms, found 1 plugins.
Preloading 0 native plugins for Editor in 0.00 ms.
Unloading 1789 Unused Serialized files (Serialized files now loaded: 0)
System memory in use before: 88.1 MB.
System memory in use after: 88.1 MB.

Unloading 12 unused Assets to reduce memory usage. Loaded Objects now: 2301.
Total: 6.067600 ms (FindLiveObjects: 0.505100 ms CreateObjectMapping: 0.233400 ms MarkObjects: 5.023200 ms  DeleteObjects: 0.302600 ms)

========================================================================
Received Import Request.
  Time since last request: 126.338111 seconds.
  path: Assets/BallControl.cs
  artifactKey: Guid(f229dee734c172849953e0c0ac412d5c) Importer(815301076,1909f56bfc062723c751e8b465ee728b)
Start importing Assets/BallControl.cs using Guid(f229dee734c172849953e0c0ac412d5c) Importer(815301076,1909f56bfc062723c751e8b465ee728b)  -> (artifact id: '319c1dd13248bc79f18e900d3ef49b21') in 0.003656 seconds
  Import took 0.009545 seconds .

========================================================================
Received Prepare
Registering precompiled user dll's ...
Registered in 0.000739 seconds.
Begin MonoManager ReloadAssembly
Native extension for WindowsStandalone target not found
Refreshing native plugins compatible for Editor in 0.31 ms, found 1 plugins.
Preloading 0 native plugins for Editor in 0.00 ms.
Invoked RoslynAnalysisRunner static constructor.
RoslynAnalysisRunner will not be running.
RoslynAnalysisRunner has terminated.
Mono: successfully reloaded assembly
- Completed reload, in  0.656 seconds
Platform modules already initialized, skipping
Refreshing native plugins compatible for Editor in 0.29 ms, found 1 plugins.
Preloading 0 native plugins for Editor in 0.00 ms.
Unloading 1789 Unused Serialized files (Serialized files now loaded: 0)
System memory in use before: 88.1 MB.
System memory in use after: 88.1 MB.

Unloading 12 unused Assets to reduce memory usage. Loaded Objects now: 2304.
Total: 1.767900 ms (FindLiveObjects: 0.226300 ms CreateObjectMapping: 0.065600 ms MarkObjects: 1.396300 ms  DeleteObjects: 0.078900 ms)

========================================================================
Received Import Request.
  Time since last request: 67.484334 seconds.
  path: Assets/BallControl.cs
  artifactKey: Guid(f229dee734c172849953e0c0ac412d5c) Importer(815301076,1909f56bfc062723c751e8b465ee728b)
Start importing Assets/BallControl.cs using Guid(f229dee734c172849953e0c0ac412d5c) Importer(815301076,1909f56bfc062723c751e8b465ee728b)  -> (artifact id: '2f4372c7b7f4218ffdf9332b9fad9b0f') in 0.003608 seconds
  Import took 0.009498 seconds .

========================================================================
Received Prepare
Registering precompiled user dll's ...
Registered in 0.000727 seconds.
Begin MonoManager ReloadAssembly
Native extension for WindowsStandalone target not found
Refreshing native plugins compatible for Editor in 0.31 ms, found 1 plugins.
Preloading 0 native plugins for Editor in 0.00 ms.
Invoked RoslynAnalysisRunner static constructor.
RoslynAnalysisRunner will not be running.
RoslynAnalysisRunner has terminated.
Mono: successfully reloaded assembly
- Completed reload, in  0.674 seconds
Platform modules already initialized, skipping
Refreshing native plugins compatible for Editor in 0.32 ms, found 1 plugins.
Preloading 0 native plugins for Editor in 0.00 ms.
Unloading 1789 Unused Serialized files (Serialized files now loaded: 0)
System memory in use before: 88.2 MB.
System memory in use after: 88.2 MB.

Unloading 12 unused Assets to reduce memory usage. Loaded Objects now: 2307.
Total: 1.908500 ms (FindLiveObjects: 0.281100 ms CreateObjectMapping: 0.094400 ms MarkObjects: 1.406400 ms  DeleteObjects: 0.126000 ms)

========================================================================
Received Prepare
Registering precompiled user dll's ...
Registered in 0.000778 seconds.
Begin MonoManager ReloadAssembly
Native extension for WindowsStandalone target not found
Refreshing native plugins compatible for Editor in 0.32 ms, found 1 plugins.
Preloading 0 native plugins for Editor in 0.00 ms.
Invoked RoslynAnalysisRunner static constructor.
RoslynAnalysisRunner will not be running.
RoslynAnalysisRunner has terminated.
Mono: successfully reloaded assembly
- Completed reload, in  0.673 seconds
Platform modules already initialized, skipping
Refreshing native plugins compatible for Editor in 0.32 ms, found 1 plugins.
Preloading 0 native plugins for Editor in 0.00 ms.
Unloading 1790 Unused Serialized files (Serialized files now loaded: 0)
System memory in use before: 88.3 MB.
System memory in use after: 88.3 MB.

Unloading 12 unused Assets to reduce memory usage. Loaded Objects now: 2311.
Total: 1.747000 ms (FindLiveObjects: 0.205400 ms CreateObjectMapping: 0.060900 ms MarkObjects: 1.385600 ms  DeleteObjects: 0.094300 ms)

========================================================================
Received Prepare
Registering precompiled user dll's ...
Registered in 0.000687 seconds.
Begin MonoManager ReloadAssembly
Native extension for WindowsStandalone target not found
Refreshing native plugins compatible for Editor in 0.32 ms, found 1 plugins.
Preloading 0 native plugins for Editor in 0.00 ms.
Invoked RoslynAnalysisRunner static constructor.
RoslynAnalysisRunner will not be running.
RoslynAnalysisRunner has terminated.
Mono: successfully reloaded assembly
- Completed reload, in  0.676 seconds
Platform modules already initialized, skipping
Refreshing native plugins compatible for Editor in 0.31 ms, found 1 plugins.
Preloading 0 native plugins for Editor in 0.00 ms.
Unloading 1790 Unused Serialized files (Serialized files now loaded: 0)
System memory in use before: 88.4 MB.
System memory in use after: 88.4 MB.

Unloading 12 unused Assets to reduce memory usage. Loaded Objects now: 2314.
Total: 1.854000 ms (FindLiveObjects: 0.268900 ms CreateObjectMapping: 0.093300 ms MarkObjects: 1.406000 ms  DeleteObjects: 0.084800 ms)

========================================================================
Received Import Request.
  Time since last request: 240.797621 seconds.
  path: Assets/GameManager.cs
  artifactKey: Guid(36b9638beb0e71c4c8fb9ecaa4d6daa7) Importer(815301076,1909f56bfc062723c751e8b465ee728b)
Start importing Assets/GameManager.cs using Guid(36b9638beb0e71c4c8fb9ecaa4d6daa7) Importer(815301076,1909f56bfc062723c751e8b465ee728b)  -> (artifact id: '90213cf4d53985afa028542879bd92b3') in 0.004460 seconds
  Import took 0.007964 seconds .

========================================================================
Received Import Request.
  Time since last request: 0.000799 seconds.
  path: Assets/GameManager.cs
  artifactKey: Guid(36b9638beb0e71c4c8fb9ecaa4d6daa7) Importer(815301076,1909f56bfc062723c751e8b465ee728b)
Start importing Assets/GameManager.cs using Guid(36b9638beb0e71c4c8fb9ecaa4d6daa7) Importer(815301076,1909f56bfc062723c751e8b465ee728b)  -> (artifact id: '90213cf4d53985afa028542879bd92b3') in 0.001280 seconds
  Import took 0.003885 seconds .

========================================================================
Received Prepare
Registering precompiled user dll's ...
Registered in 0.000724 seconds.
Begin MonoManager ReloadAssembly
Native extension for WindowsStandalone target not found
Refreshing native plugins compatible for Editor in 0.32 ms, found 1 plugins.
Preloading 0 native plugins for Editor in 0.00 ms.
Invoked RoslynAnalysisRunner static constructor.
RoslynAnalysisRunner will not be running.
RoslynAnalysisRunner has terminated.
Mono: successfully reloaded assembly
- Completed reload, in  0.672 seconds
Platform modules already initialized, skipping
Refreshing native plugins compatible for Editor in 0.30 ms, found 1 plugins.
Preloading 0 native plugins for Editor in 0.00 ms.
Unloading 1790 Unused Serialized files (Serialized files now loaded: 0)
System memory in use before: 88.4 MB.
System memory in use after: 88.4 MB.

Unloading 12 unused Assets to reduce memory usage. Loaded Objects now: 2317.
Total: 1.702700 ms (FindLiveObjects: 0.210400 ms CreateObjectMapping: 0.069200 ms MarkObjects: 1.332100 ms  DeleteObjects: 0.089900 ms)

========================================================================
Received Import Request.
  Time since last request: 85.432667 seconds.
  path: Assets/GameManager.cs
  artifactKey: Guid(36b9638beb0e71c4c8fb9ecaa4d6daa7) Importer(815301076,1909f56bfc062723c751e8b465ee728b)
Start importing Assets/GameManager.cs using Guid(36b9638beb0e71c4c8fb9ecaa4d6daa7) Importer(815301076,1909f56bfc062723c751e8b465ee728b)  -> (artifact id: '63c37b2c73ce6fc32608eac72dc39529') in 0.003397 seconds
  Import took 0.005941 seconds .

========================================================================
Received Import Request.
  Time since last request: 71.493953 seconds.
  path: Assets
  artifactKey: Guid(00000000000000001000000000000000) Importer(815301076,1909f56bfc062723c751e8b465ee728b)
Start importing Assets using Guid(00000000000000001000000000000000) Importer(815301076,1909f56bfc062723c751e8b465ee728b)  -> (artifact id: '4a6e520b92ccfc61bcfa21a7bcab8468') in 0.001676 seconds
  Import took 0.035126 seconds .

========================================================================
Received Import Request.
  Time since last request: 15.131393 seconds.
  path: Assets/ScoreSkin.guiskin
  artifactKey: Guid(423ee9abfaf0b0645a3d8bcd87a8b747) Importer(815301076,1909f56bfc062723c751e8b465ee728b)
Start importing Assets/ScoreSkin.guiskin using Guid(423ee9abfaf0b0645a3d8bcd87a8b747) Importer(815301076,1909f56bfc062723c751e8b465ee728b)  -> (artifact id: '744000d68f98a0d9cd284e41ebbafb29') in 0.013394 seconds
  Import took 0.016269 seconds .

========================================================================
Received Prepare
Registering precompiled user dll's ...
Registered in 0.000736 seconds.
Begin MonoManager ReloadAssembly
Native extension for WindowsStandalone target not found
Refreshing native plugins compatible for Editor in 0.32 ms, found 1 plugins.
Preloading 0 native plugins for Editor in 0.00 ms.
Invoked RoslynAnalysisRunner static constructor.
RoslynAnalysisRunner will not be running.
RoslynAnalysisRunner has terminated.
Mono: successfully reloaded assembly
- Completed reload, in  0.679 seconds
Platform modules already initialized, skipping
Refreshing native plugins compatible for Editor in 0.31 ms, found 1 plugins.
Preloading 0 native plugins for Editor in 0.00 ms.
Unloading 1791 Unused Serialized files (Serialized files now loaded: 0)
System memory in use before: 88.6 MB.
System memory in use after: 88.6 MB.

Unloading 12 unused Assets to reduce memory usage. Loaded Objects now: 2323.
Total: 1.777100 ms (FindLiveObjects: 0.177000 ms CreateObjectMapping: 0.059900 ms MarkObjects: 1.452000 ms  DeleteObjects: 0.086600 ms)

========================================================================
Received Prepare
Registering precompiled user dll's ...
Registered in 0.000642 seconds.
Begin MonoManager ReloadAssembly
Native extension for WindowsStandalone target not found
Refreshing native plugins compatible for Editor in 0.31 ms, found 1 plugins.
Preloading 0 native plugins for Editor in 0.00 ms.
Invoked RoslynAnalysisRunner static constructor.
RoslynAnalysisRunner will not be running.
RoslynAnalysisRunner has terminated.
Mono: successfully reloaded assembly
- Completed reload, in  0.663 seconds
Platform modules already initialized, skipping
Refreshing native plugins compatible for Editor in 0.30 ms, found 1 plugins.
Preloading 0 native plugins for Editor in 0.00 ms.
Unloading 1791 Unused Serialized files (Serialized files now loaded: 0)
System memory in use before: 88.7 MB.
System memory in use after: 88.7 MB.

Unloading 12 unused Assets to reduce memory usage. Loaded Objects now: 2326.
Total: 1.818900 ms (FindLiveObjects: 0.205500 ms CreateObjectMapping: 0.056000 ms MarkObjects: 1.470600 ms  DeleteObjects: 0.085900 ms)

========================================================================
Received Import Request.
  Time since last request: 110.142411 seconds.
  path: Assets/SideWalls.cs
  artifactKey: Guid(7ca721f4dd37e754988066a78b66dcdd) Importer(815301076,1909f56bfc062723c751e8b465ee728b)
Start importing Assets/SideWalls.cs using Guid(7ca721f4dd37e754988066a78b66dcdd) Importer(815301076,1909f56bfc062723c751e8b465ee728b)  -> (artifact id: '9f9a2e9dd812dd42e4d22e14b1831d34') in 0.003886 seconds
  Import took 0.007316 seconds .

========================================================================
Received Import Request.
  Time since last request: 0.001145 seconds.
  path: Assets/SideWalls.cs
  artifactKey: Guid(7ca721f4dd37e754988066a78b66dcdd) Importer(815301076,1909f56bfc062723c751e8b465ee728b)
Start importing Assets/SideWalls.cs using Guid(7ca721f4dd37e754988066a78b66dcdd) Importer(815301076,1909f56bfc062723c751e8b465ee728b)  -> (artifact id: '9f9a2e9dd812dd42e4d22e14b1831d34') in 0.001454 seconds
  Import took 0.004406 seconds .

========================================================================
Received Prepare
Registering precompiled user dll's ...
Registered in 0.000757 seconds.
Begin MonoManager ReloadAssembly
Native extension for WindowsStandalone target not found
Refreshing native plugins compatible for Editor in 0.30 ms, found 1 plugins.
Preloading 0 native plugins for Editor in 0.00 ms.
Invoked RoslynAnalysisRunner static constructor.
RoslynAnalysisRunner will not be running.
RoslynAnalysisRunner has terminated.
Mono: successfully reloaded assembly
- Completed reload, in  0.667 seconds
Platform modules already initialized, skipping
Refreshing native plugins compatible for Editor in 0.31 ms, found 1 plugins.
Preloading 0 native plugins for Editor in 0.00 ms.
Unloading 1791 Unused Serialized files (Serialized files now loaded: 0)
System memory in use before: 88.7 MB.
System memory in use after: 88.8 MB.

Unloading 12 unused Assets to reduce memory usage. Loaded Objects now: 2329.
Total: 1.994200 ms (FindLiveObjects: 0.196200 ms CreateObjectMapping: 0.096100 ms MarkObjects: 1.574300 ms  DeleteObjects: 0.126500 ms)

========================================================================
Received Import Request.
  Time since last request: 46.202796 seconds.
  path: Assets/SideWalls.cs
  artifactKey: Guid(7ca721f4dd37e754988066a78b66dcdd) Importer(815301076,1909f56bfc062723c751e8b465ee728b)
Start importing Assets/SideWalls.cs using Guid(7ca721f4dd37e754988066a78b66dcdd) Importer(815301076,1909f56bfc062723c751e8b465ee728b)  -> (artifact id: 'b4c2f02a1d723baab7b2c7a71a9ebe9c') in 0.004526 seconds
  Import took 0.009181 seconds .

========================================================================
Received Prepare
Registering precompiled user dll's ...
Registered in 0.000646 seconds.
Begin MonoManager ReloadAssembly
Native extension for WindowsStandalone target not found
Refreshing native plugins compatible for Editor in 0.32 ms, found 1 plugins.
Preloading 0 native plugins for Editor in 0.00 ms.
Invoked RoslynAnalysisRunner static constructor.
RoslynAnalysisRunner will not be running.
RoslynAnalysisRunner has terminated.
Mono: successfully reloaded assembly
- Completed reload, in  0.667 seconds
Platform modules already initialized, skipping
Refreshing native plugins compatible for Editor in 0.28 ms, found 1 plugins.
Preloading 0 native plugins for Editor in 0.00 ms.
Unloading 1791 Unused Serialized files (Serialized files now loaded: 0)
System memory in use before: 88.8 MB.
System memory in use after: 88.8 MB.

Unloading 12 unused Assets to reduce memory usage. Loaded Objects now: 2332.
Total: 2.019300 ms (FindLiveObjects: 0.373900 ms CreateObjectMapping: 0.053100 ms MarkObjects: 1.476200 ms  DeleteObjects: 0.115300 ms)

========================================================================
Received Prepare
Refreshing native plugins compatible for Editor in 1.09 ms, found 1 plugins.
Preloading 0 native plugins for Editor in 0.00 ms.
Unloading 10 Unused Serialized files (Serialized files now loaded: 0)
System memory in use before: 53.6 MB.
System memory in use after: 53.7 MB.

Unloading 10 unused Assets to reduce memory usage. Loaded Objects now: 2332.
Total: 1.906600 ms (FindLiveObjects: 0.210600 ms CreateObjectMapping: 0.066000 ms MarkObjects: 1.534800 ms  DeleteObjects: 0.094000 ms)

========================================================================
Received Import Request.
  Time since last request: 216.068005 seconds.
  path: Assets/ScoreSkin.guiskin
  artifactKey: Guid(423ee9abfaf0b0645a3d8bcd87a8b747) Importer(815301076,1909f56bfc062723c751e8b465ee728b)
Start importing Assets/ScoreSkin.guiskin using Guid(423ee9abfaf0b0645a3d8bcd87a8b747) Importer(815301076,1909f56bfc062723c751e8b465ee728b)  -> (artifact id: '34d3bd17e08f47bae437ec6c6f84fd28') in 0.012974 seconds
  Import took 0.030368 seconds .

========================================================================
Received Import Request.
  Time since last request: 1.010691 seconds.
  path: Assets/ScoreSkin.guiskin
  artifactKey: Guid(423ee9abfaf0b0645a3d8bcd87a8b747) Importer(815301076,1909f56bfc062723c751e8b465ee728b)
Start importing Assets/ScoreSkin.guiskin using Guid(423ee9abfaf0b0645a3d8bcd87a8b747) Importer(815301076,1909f56bfc062723c751e8b465ee728b)  -> (artifact id: '34d3bd17e08f47bae437ec6c6f84fd28') in 0.003354 seconds
  Import took 0.007198 seconds .

========================================================================
Received Prepare
Registering precompiled user dll's ...
Registered in 0.000879 seconds.
Begin MonoManager ReloadAssembly
Native extension for WindowsStandalone target not found
Refreshing native plugins compatible for Editor in 0.33 ms, found 1 plugins.
Preloading 0 native plugins for Editor in 0.00 ms.
Invoked RoslynAnalysisRunner static constructor.
RoslynAnalysisRunner will not be running.
RoslynAnalysisRunner has terminated.
Mono: successfully reloaded assembly
- Completed reload, in  0.708 seconds
Platform modules already initialized, skipping
Refreshing native plugins compatible for Editor in 0.37 ms, found 1 plugins.
Preloading 0 native plugins for Editor in 0.00 ms.
Unloading 1791 Unused Serialized files (Serialized files now loaded: 0)
System memory in use before: 89.0 MB.
System memory in use after: 89.0 MB.

Unloading 12 unused Assets to reduce memory usage. Loaded Objects now: 2335.
Total: 2.439500 ms (FindLiveObjects: 0.249500 ms CreateObjectMapping: 0.063800 ms MarkObjects: 1.998600 ms  DeleteObjects: 0.126400 ms)

========================================================================
Received Import Request.
  Time since last request: 2460.968056 seconds.
  path: Assets/GameManager.cs
  artifactKey: Guid(36b9638beb0e71c4c8fb9ecaa4d6daa7) Importer(815301076,1909f56bfc062723c751e8b465ee728b)
Start importing Assets/GameManager.cs using Guid(36b9638beb0e71c4c8fb9ecaa4d6daa7) Importer(815301076,1909f56bfc062723c751e8b465ee728b)  -> (artifact id: 'c834c6c5c7ff2c55a469aab1efc3c123') in 0.003717 seconds
  Import took 0.007090 seconds .

========================================================================
Received Prepare
Registering precompiled user dll's ...
Registered in 0.000842 seconds.
Begin MonoManager ReloadAssembly
Native extension for WindowsStandalone target not found
Refreshing native plugins compatible for Editor in 0.36 ms, found 1 plugins.
Preloading 0 native plugins for Editor in 0.00 ms.
Invoked RoslynAnalysisRunner static constructor.
RoslynAnalysisRunner will not be running.
RoslynAnalysisRunner has terminated.
Mono: successfully reloaded assembly
- Completed reload, in  0.702 seconds
Platform modules already initialized, skipping
Refreshing native plugins compatible for Editor in 0.34 ms, found 1 plugins.
Preloading 0 native plugins for Editor in 0.00 ms.
Unloading 1791 Unused Serialized files (Serialized files now loaded: 0)
System memory in use before: 89.0 MB.
System memory in use after: 89.0 MB.

Unloading 12 unused Assets to reduce memory usage. Loaded Objects now: 2338.
Total: 2.051000 ms (FindLiveObjects: 0.329200 ms CreateObjectMapping: 0.099500 ms MarkObjects: 1.516300 ms  DeleteObjects: 0.103800 ms)

AssetImportWorkerClient::OnTransportError - code=2 error=End of file
