Using pre-set license
Built from '2020.2/release' branch; Version is '2020.2.2f1 (068178b99f32) revision 426360'; Using compiler version '192528614'; Build Type 'Release'
OS: 'Windows 10 Home; OS build 19042.867; Version 2009; 64bit' Language: 'en' Physical Memory: 16118 MB
BatchMode: 1, IsHumanControllingUs: 0, StartBugReporterOnCrash: 0, Is64bit: 1, IsPro: 0

 COMMAND LINE ARGUMENTS:
D:\Unity\2020.2.2f1\Editor\Unity.exe
-adb2
-batchMode
-noUpm
-name
AssetImportWorker0
-projectPath
C:/Users/Vandit/Documents/GitHub/CST326/New Unity Project (1)
-logFile
Logs/AssetImportWorker0.log
-srvPort
64325
Successfully changed project path to: C:/Users/Vandit/Documents/GitHub/CST326/New Unity Project (1)
C:/Users/Vandit/Documents/GitHub/CST326/New Unity Project (1)
Using Asset Import Pipeline V2.
Refreshing native plugins compatible for Editor in 20.83 ms, found 0 plugins.
Preloading 0 native plugins for Editor in 0.00 ms.
Initialize engine version: 2020.2.2f1 (068178b99f32)
[Subsystems] Discovering subsystems at path D:/Unity/2020.2.2f1/Editor/Data/Resources/UnitySubsystems
[Subsystems] Discovering subsystems at path C:/Users/Vandit/Documents/GitHub/CST326/New Unity Project (1)/Assets
GfxDevice: creating device client; threaded=0
Direct3D:
    Version:  Direct3D 11.0 [level 11.1]
    Renderer: NVIDIA GeForce RTX 2060 (ID=0x1f08)
    Vendor:   
    VRAM:     5980 MB
    Driver:   27.21.14.6089
Initialize mono
Mono path[0] = 'D:/Unity/2020.2.2f1/Editor/Data/Managed'
Mono path[1] = 'D:/Unity/2020.2.2f1/Editor/Data/MonoBleedingEdge/lib/mono/unityjit'
Mono config path = 'D:/Unity/2020.2.2f1/Editor/Data/MonoBleedingEdge/etc'
Using monoOptions --debugger-agent=transport=dt_socket,embedding=1,server=y,suspend=n,address=127.0.0.1:56488
Begin MonoManager ReloadAssembly
Registering precompiled unity dll's ...
Register platform support module: D:/Unity/2020.2.2f1/Editor/Data/PlaybackEngines/WindowsStandaloneSupport/UnityEditor.WindowsStandalone.Extensions.dll
Registered in 0.000927 seconds.
Native extension for WindowsStandalone target not found
Refreshing native plugins compatible for Editor in 20.67 ms, found 0 plugins.
Preloading 0 native plugins for Editor in 0.00 ms.
Invoked RoslynAnalysisRunner static constructor.
RoslynAnalysisRunner will not be running.
RoslynAnalysisRunner has terminated.
Mono: successfully reloaded assembly
- Completed reload, in  0.793 seconds
Platform modules already initialized, skipping
Registering precompiled user dll's ...
Registered in 0.000725 seconds.
Begin MonoManager ReloadAssembly
Native extension for WindowsStandalone target not found
Refreshing native plugins compatible for Editor in 0.19 ms, found 0 plugins.
Preloading 0 native plugins for Editor in 0.00 ms.
Invoked RoslynAnalysisRunner static constructor.
RoslynAnalysisRunner will not be running.
RoslynAnalysisRunner has terminated.
Mono: successfully reloaded assembly
- Completed reload, in  0.678 seconds
Platform modules already initialized, skipping
========================================================================
Worker process is ready to serve import requests
Launched and connected shader compiler UnityShaderCompiler.exe after 0.04 seconds
Refreshing native plugins compatible for Editor in 0.18 ms, found 0 plugins.
Preloading 0 native plugins for Editor in 0.00 ms.
Unloading 1102 Unused Serialized files (Serialized files now loaded: 0)
System memory in use before: 56.5 MB.
System memory in use after: 56.6 MB.

Unloading 10 unused Assets to reduce memory usage. Loaded Objects now: 1543.
Total: 1.460600 ms (FindLiveObjects: 0.183700 ms CreateObjectMapping: 0.056300 ms MarkObjects: 1.159200 ms  DeleteObjects: 0.060500 ms)

========================================================================
Received Import Request.
  path: Assets/Animation/pb1.png
  artifactKey: Guid(b35c3ad307fe8e54b95efa2931f24ce4) Importer(815301076,1909f56bfc062723c751e8b465ee728b)
Start importing Assets/Animation/pb1.png using Guid(b35c3ad307fe8e54b95efa2931f24ce4) Importer(815301076,1909f56bfc062723c751e8b465ee728b)  -> (artifact id: 'b2ab316f1299fecb446fbe4a1065a1bd') in 0.081121 seconds
  Import took 0.084292 seconds .

========================================================================
Received Import Request.
  Time since last request: 0.000308 seconds.
  path: Assets/Animation/2.png
  artifactKey: Guid(cbce2a17e54ea9f4bbb4fa6253226f4a) Importer(815301076,1909f56bfc062723c751e8b465ee728b)
Start importing Assets/Animation/2.png using Guid(cbce2a17e54ea9f4bbb4fa6253226f4a) Importer(815301076,1909f56bfc062723c751e8b465ee728b)  -> (artifact id: '70f9f7ecf33e9e33bcc7d658951c0c5e') in 0.008270 seconds
  Import took 0.009921 seconds .

========================================================================
Received Import Request.
  Time since last request: 0.000209 seconds.
  path: Assets/Animation/p0.png
  artifactKey: Guid(a79c96d8d1b08b14c889b7f2d6086498) Importer(815301076,1909f56bfc062723c751e8b465ee728b)
Start importing Assets/Animation/p0.png using Guid(a79c96d8d1b08b14c889b7f2d6086498) Importer(815301076,1909f56bfc062723c751e8b465ee728b)  -> (artifact id: 'fae1a6c5b6956f98048b70a274b5f762') in 0.007433 seconds
  Import took 0.009085 seconds .

========================================================================
Received Import Request.
  Time since last request: 0.000220 seconds.
  path: Assets/Animation/5.png
  artifactKey: Guid(4f106859661feda4d88839805df2b7f9) Importer(815301076,1909f56bfc062723c751e8b465ee728b)
Start importing Assets/Animation/5.png using Guid(4f106859661feda4d88839805df2b7f9) Importer(815301076,1909f56bfc062723c751e8b465ee728b)  -> (artifact id: 'bb6c436045f0c099cf880e17ec695b22') in 0.008117 seconds
  Import took 0.009883 seconds .

========================================================================
Received Import Request.
  Time since last request: 0.000198 seconds.
  path: Assets/Animation/pb2.png
  artifactKey: Guid(48dd7d20eab651f488ba010ca5056433) Importer(815301076,1909f56bfc062723c751e8b465ee728b)
Start importing Assets/Animation/pb2.png using Guid(48dd7d20eab651f488ba010ca5056433) Importer(815301076,1909f56bfc062723c751e8b465ee728b)  -> (artifact id: 'e3a1bcbc1344ac2eaf3cc0bdcd7c0a84') in 0.008067 seconds
  Import took 0.010135 seconds .

========================================================================
Received Import Request.
  Time since last request: 0.000193 seconds.
  path: Assets/Animation/pb0.png
  artifactKey: Guid(24f0c31b607d54e46af18406a5d48eda) Importer(815301076,1909f56bfc062723c751e8b465ee728b)
Start importing Assets/Animation/pb0.png using Guid(24f0c31b607d54e46af18406a5d48eda) Importer(815301076,1909f56bfc062723c751e8b465ee728b)  -> (artifact id: '936f89f936e4748b573c8d338a606fb6') in 0.007216 seconds
  Import took 0.008981 seconds .

========================================================================
Received Import Request.
  Time since last request: 0.000135 seconds.
  path: Assets/Animation/p1.png
  artifactKey: Guid(ff9e4167d9f31414bb205f5a29f85ea1) Importer(815301076,1909f56bfc062723c751e8b465ee728b)
Start importing Assets/Animation/p1.png using Guid(ff9e4167d9f31414bb205f5a29f85ea1) Importer(815301076,1909f56bfc062723c751e8b465ee728b)  -> (artifact id: '26bed586da6903ae87b78a690b6818d3') in 0.007114 seconds
  Import took 0.009105 seconds .

========================================================================
Received Import Request.
  Time since last request: 0.000163 seconds.
  path: Assets/Animation/0.png
  artifactKey: Guid(e63bf54d99330344eb7d12640f16eb56) Importer(815301076,1909f56bfc062723c751e8b465ee728b)
Start importing Assets/Animation/0.png using Guid(e63bf54d99330344eb7d12640f16eb56) Importer(815301076,1909f56bfc062723c751e8b465ee728b)  -> (artifact id: '43ad321524b422844be70194b1c03ff7') in 0.007324 seconds
  Import took 0.009032 seconds .

========================================================================
Received Import Request.
  Time since last request: 0.000153 seconds.
  path: Assets/Animation/3.png
  artifactKey: Guid(9bcdfa56c44128044a01ad6b8c0471a9) Importer(815301076,1909f56bfc062723c751e8b465ee728b)
Start importing Assets/Animation/3.png using Guid(9bcdfa56c44128044a01ad6b8c0471a9) Importer(815301076,1909f56bfc062723c751e8b465ee728b)  -> (artifact id: '25f4c74f8a157b799b91ecb8ca6de734') in 0.008216 seconds
  Import took 0.009862 seconds .

========================================================================
Received Import Request.
  Time since last request: 0.000194 seconds.
  path: Assets/Animation/1.png
  artifactKey: Guid(270803a85db93f648b89f2efa45a754d) Importer(815301076,1909f56bfc062723c751e8b465ee728b)
Start importing Assets/Animation/1.png using Guid(270803a85db93f648b89f2efa45a754d) Importer(815301076,1909f56bfc062723c751e8b465ee728b)  -> (artifact id: 'b0d46eb365e034d9bc7d0816537d86fd') in 0.007201 seconds
  Import took 0.008936 seconds .

========================================================================
Received Import Request.
  Time since last request: 0.000164 seconds.
  path: Assets/Animation/6.png
  artifactKey: Guid(ea87f03ec90078a4a962d4718c400c05) Importer(815301076,1909f56bfc062723c751e8b465ee728b)
Start importing Assets/Animation/6.png using Guid(ea87f03ec90078a4a962d4718c400c05) Importer(815301076,1909f56bfc062723c751e8b465ee728b)  -> (artifact id: '56cc35d0d20af129048d64faa584a074') in 0.007691 seconds
  Import took 0.009352 seconds .

========================================================================
Received Import Request.
  Time since last request: 0.000179 seconds.
  path: Assets/Animation
  artifactKey: Guid(3e668f6c25df6d740a1a262209a56e99) Importer(815301076,1909f56bfc062723c751e8b465ee728b)
Start importing Assets/Animation using Guid(3e668f6c25df6d740a1a262209a56e99) Importer(815301076,1909f56bfc062723c751e8b465ee728b)  -> (artifact id: 'c229f2f6c94e4a08de72d20004ffbbf2') in 0.002129 seconds
  Import took 0.003642 seconds .

========================================================================
Received Import Request.
  Time since last request: 0.000164 seconds.
  path: Assets/Animation/4.png
  artifactKey: Guid(4cf38d345b4b1e9498a093f87318a82e) Importer(815301076,1909f56bfc062723c751e8b465ee728b)
Start importing Assets/Animation/4.png using Guid(4cf38d345b4b1e9498a093f87318a82e) Importer(815301076,1909f56bfc062723c751e8b465ee728b)  -> (artifact id: '6c329a60d8b144960d118bbdb24436bc') in 0.007607 seconds
  Import took 0.009270 seconds .

========================================================================
Received Import Request.
  Time since last request: 0.000141 seconds.
  path: Assets/Animation/p2.png
  artifactKey: Guid(1153a4a77d0739641a755866cbb828c9) Importer(815301076,1909f56bfc062723c751e8b465ee728b)
Start importing Assets/Animation/p2.png using Guid(1153a4a77d0739641a755866cbb828c9) Importer(815301076,1909f56bfc062723c751e8b465ee728b)  -> (artifact id: 'cb70e9843504aae569cceffc9e95d916') in 0.006838 seconds
  Import took 0.008493 seconds .

========================================================================
Received Import Request.
  Time since last request: 9.367932 seconds.
  path: Assets/Materials/Blue.mat
  artifactKey: Guid(a0bb8e8f0555f85429b4eb91ca81872e) Importer(815301076,1909f56bfc062723c751e8b465ee728b)
Start importing Assets/Materials/Blue.mat using Guid(a0bb8e8f0555f85429b4eb91ca81872e) Importer(815301076,1909f56bfc062723c751e8b465ee728b)  -> (artifact id: 'da504bff7e4b3c6ad308fd62c9cd226a') in 0.238336 seconds
  Import took 0.240643 seconds .

========================================================================
Received Import Request.
  Time since last request: 0.000228 seconds.
  path: Assets/Materials/Green.mat
  artifactKey: Guid(3bdde5588feb85e408d6884de1c50fb0) Importer(815301076,1909f56bfc062723c751e8b465ee728b)
Start importing Assets/Materials/Green.mat using Guid(3bdde5588feb85e408d6884de1c50fb0) Importer(815301076,1909f56bfc062723c751e8b465ee728b)  -> (artifact id: '27b88bb61b55ff3cb2a80becb10a74ee') in 0.007865 seconds
  Import took 0.009394 seconds .

========================================================================
Received Import Request.
  Time since last request: 0.000177 seconds.
  path: Assets/Materials/Red.mat
  artifactKey: Guid(134646945d8bce84bbec1b5d55392ae9) Importer(815301076,1909f56bfc062723c751e8b465ee728b)
Start importing Assets/Materials/Red.mat using Guid(134646945d8bce84bbec1b5d55392ae9) Importer(815301076,1909f56bfc062723c751e8b465ee728b)  -> (artifact id: '03e326701a3104da8b1cec6bb25ad011') in 0.010814 seconds
  Import took 0.012656 seconds .

========================================================================
Received Import Request.
  Time since last request: 0.590986 seconds.
  path: Assets/Prefabs/Bullet.prefab
  artifactKey: Guid(d4511b14daaa37c468a74ed386b2583f) Importer(815301076,1909f56bfc062723c751e8b465ee728b)
Start importing Assets/Prefabs/Bullet.prefab using Guid(d4511b14daaa37c468a74ed386b2583f) Importer(815301076,1909f56bfc062723c751e8b465ee728b)  -> (artifact id: '8aa5c7f98d4d6b576a8f4b879506fe34') in 0.018069 seconds
  Import took 0.019948 seconds .

========================================================================
Received Import Request.
  Time since last request: 0.000211 seconds.
  path: Assets/Prefabs/Enemy.prefab
  artifactKey: Guid(c3b77266ea0668e4289e92aa866a25ed) Importer(815301076,1909f56bfc062723c751e8b465ee728b)
Start importing Assets/Prefabs/Enemy.prefab using Guid(c3b77266ea0668e4289e92aa866a25ed) Importer(815301076,1909f56bfc062723c751e8b465ee728b)  -> (artifact id: '9719ea2bbfd5ef1ca8103743c847ea52') in 0.003389 seconds
  Import took 0.006455 seconds .

========================================================================
Received Import Request.
  Time since last request: 0.000178 seconds.
  path: Assets/Prefabs/Player.prefab
  artifactKey: Guid(46f7c04cfd4b73e49a865596061b9ab8) Importer(815301076,1909f56bfc062723c751e8b465ee728b)
Start importing Assets/Prefabs/Player.prefab using Guid(46f7c04cfd4b73e49a865596061b9ab8) Importer(815301076,1909f56bfc062723c751e8b465ee728b)  -> (artifact id: '994abe7753ad8333643e65e7bf383eda') in 0.003780 seconds
  Import took 0.005712 seconds .

AssetImportWorkerClient::OnTransportError - code=2 error=End of file
